<?xml version="1.0" encoding="UTF-8"?>
<!-- Generated by org.testng.reporters.JUnitReportReporter -->
<testsuite hostname="SameerPatan" failures="0" tests="2" name="testcase.myReadExcelDataIntoTC2" time="11.399" errors="0" timestamp="2023-05-05T20:04:26 IST" skipped="0">
  <testcase classname="testcase.myReadExcelDataIntoTC2" name="UserLoginTest" time="5.515"/>
  <system-out/>
  <testcase classname="testcase.myReadExcelDataIntoTC2" name="UserLoginTest" time="5.884"/>
  <system-out/>
</testsuite> <!-- testcase.myReadExcelDataIntoTC2 -->
