<?xml version="1.0" encoding="UTF-8"?>
<!-- Generated by org.testng.reporters.JUnitReportReporter -->
<testsuite hostname="SameerPatan" failures="0" tests="1" name="testcase.mySecondTestCaseWithFM" time="56.184" errors="0" timestamp="2023-05-05T04:47:44 IST" skipped="0">
  <testcase classname="testcase.mySecondTestCaseWithFM" name="Verifytitle" time="56.184"/>
  <system-out/>
</testsuite> <!-- testcase.mySecondTestCaseWithFM -->
